=== RUN   TestReliableChurn2C
Test (2C): churn ...
  ... Passed --  16.5  5 1207  900884  182
--- PASS: TestReliableChurn2C (16.53s)
=== RUN   TestUnreliableChurn2C
Test (2C): unreliable churn ...
  ... Passed --  16.3  5  771  254997   78
--- PASS: TestUnreliableChurn2C (16.34s)
=== RUN   TestFigure8Unreliable2C
Test (2C): Figure 8 (unreliable) ...
    config.go:479: one(5995) failed to reach agreement
--- FAIL: TestFigure8Unreliable2C (135.85s)
=== RUN   TestUnreliableAgree2C
Test (2C): unreliable agreement ...
    config.go:479: one(2701) failed to reach agreement
    config.go:479: one(2703) failed to reach agreement
    config.go:479: one(2700) failed to reach agreement
    config.go:479: one(2702) failed to reach agreement
    config.go:479: one(41) failed to reach agreement
--- FAIL: TestUnreliableAgree2C (103.52s)
=== RUN   TestPersist12C
Test (2C): basic persistence ...
panic: Fail in goroutine after TestUnreliableAgree2C has completed

goroutine 129107 [running]:
testing.(*common).Fail(0xc0002ac000)
	/usr/local/go/src/testing/testing.go:953 +0xcc
testing.(*common).FailNow(0xc0002ac000)
	/usr/local/go/src/testing/testing.go:982 +0x26
testing.(*common).Fatalf(0xc0002ac000, {0x67a2b4?, 0x84b240?}, {0xc000897f40?, 0x737b78ebc5b8?, 0x673d33?})
	/usr/local/go/src/testing/testing.go:1090 +0x5e
6.824-golabs-2020/raft.(*config).one(0xc0002d4120, {0x624b80, 0xc0024fe358}, 0x1, 0x1)
	/home/mrd/6.824-golabs-2020/src/raft/config.go:479 +0x199
6.824-golabs-2020/raft.TestUnreliableAgree2C.func1(0xc000957f70?, 0xc000957f60?)
	/home/mrd/6.824-golabs-2020/src/raft/test_test.go:773 +0x76
created by 6.824-golabs-2020/raft.TestUnreliableAgree2C in goroutine 124619
	/home/mrd/6.824-golabs-2020/src/raft/test_test.go:771 +0x145
exit status 2
FAIL	6.824-golabs-2020/raft	272.266s
