=== RUN   TestReliableChurn2C
Test (2C): churn ...
  ... Passed --  16.2  5 1105  623318  277
--- PASS: TestReliableChurn2C (16.23s)
=== RUN   TestUnreliableChurn2C
Test (2C): unreliable churn ...
  ... Passed --  16.7  5 1052  504715  162
--- PASS: TestUnreliableChurn2C (16.70s)
=== RUN   TestFigure8Unreliable2C
Test (2C): Figure 8 (unreliable) ...
    config.go:222: test took longer than 120 seconds
--- FAIL: TestFigure8Unreliable2C (189.51s)
=== RUN   TestUnreliableAgree2C
Test (2C): unreliable agreement ...
    config.go:479: one(1) failed to reach agreement
--- FAIL: TestUnreliableAgree2C (10.19s)
=== RUN   TestPersist12C
Test (2C): basic persistence ...
panic: Fail in goroutine after TestUnreliableAgree2C has completed

goroutine 164065 [running]:
testing.(*common).Fail(0xc000b7e1a0)
	/usr/local/go/src/testing/testing.go:953 +0xcc
testing.(*common).FailNow(0xc000b7e1a0)
	/usr/local/go/src/testing/testing.go:982 +0x26
testing.(*common).Fatalf(0xc000b7e1a0, {0x67a2b4?, 0x84b240?}, {0xc002dc4740?, 0xc000208008?, 0xc001f6e210?})
	/usr/local/go/src/testing/testing.go:1090 +0x5e
6.824-golabs-2020/raft.(*config).one(0xc0003ca480, {0x624b80, 0x837828}, 0x1, 0x1)
	/home/mrd/6.824-golabs-2020/src/raft/config.go:479 +0x199
6.824-golabs-2020/raft.TestUnreliableAgree2C.func1(0xc0018a2e00?, 0xc000402050?)
	/home/mrd/6.824-golabs-2020/src/raft/test_test.go:773 +0x76
created by 6.824-golabs-2020/raft.TestUnreliableAgree2C in goroutine 164009
	/home/mrd/6.824-golabs-2020/src/raft/test_test.go:771 +0x145
exit status 2
FAIL	6.824-golabs-2020/raft	232.818s
